<?xml version="1.0" encoding="UTF-8"?>
<!-- Generated by org.testng.reporters.JUnitReportReporter -->
<testsuite skipped="0" hostname="bridgelabz" name="com.bridgelabz.fundoopush.testscripts.TestFundoopush" tests="1" failures="0" timestamp="2020-04-20T17:46:20 IST" time="87.197" errors="0">
  <testcase name="testFundoo" time="87.197" classname="com.bridgelabz.fundoopush.testscripts.TestFundoopush"/>
</testsuite> <!-- com.bridgelabz.fundoopush.testscripts.TestFundoopush -->
